<?xml version="1.0" encoding="UTF-8"?>
<testng-results ignored="0" total="1" passed="1" failed="0" skipped="0">
  <reporter-output>
  </reporter-output>
  <suite started-at="2024-07-11T08:21:20 IST" name="Default suite" finished-at="2024-07-11T08:21:55 IST" duration-ms="35031">
    <groups>
    </groups>
    <test started-at="2024-07-11T08:21:20 IST" name="Default test" finished-at="2024-07-11T08:21:55 IST" duration-ms="35031">
      <class name="com.qa.parking.tests.GuestUserReservation">
        <test-method is-config="true" signature="Base()[pri:0, instance:com.qa.parking.tests.GuestUserReservation@38467116]" started-at="2024-07-11T08:21:20 IST" name="Base" finished-at="2024-07-11T08:21:26 IST" duration-ms="6254" status="PASS">
          <reporter-output>
          </reporter-output>
        </test-method> <!-- Base -->
        <test-method signature="verifyTheGuestUserReservationFlow()[pri:0, instance:com.qa.parking.tests.GuestUserReservation@38467116]" started-at="2024-07-11T08:21:26 IST" name="verifyTheGuestUserReservationFlow" finished-at="2024-07-11T08:21:55 IST" duration-ms="28606" status="PASS">
          <reporter-output>
          </reporter-output>
        </test-method> <!-- verifyTheGuestUserReservationFlow -->
      </class> <!-- com.qa.parking.tests.GuestUserReservation -->
    </test> <!-- Default test -->
  </suite> <!-- Default suite -->
</testng-results>
